# JRE version: Java(TM) SE Runtime Environment (8.0_181-b13) (build 1.8.0_181-b13)
# Java VM: Java HotSpot(TM) 64-Bit Server VM (25.181-b13 mixed mode windows-amd64 compressed oops)
Heap:
 PSYoungGen      total 297472K, used 9278K [0x00000000d5d80000, 0x00000000e9180000, 0x0000000100000000)
  eden space 280576K, 0% used [0x00000000d5d80000,0x00000000d5d80000,0x00000000e6f80000)
  from space 16896K, 54% used [0x00000000e8100000,0x00000000e8a0f888,0x00000000e9180000)
  to   space 17408K, 0% used [0x00000000e6f80000,0x00000000e6f80000,0x00000000e8080000)
 ParOldGen       total 141824K, used 33736K [0x0000000081800000, 0x000000008a280000, 0x00000000d5d80000)
  object space 141824K, 23% used [0x0000000081800000,0x00000000838f2150,0x000000008a280000)
 Metaspace       used 59441K, capacity 63308K, committed 63616K, reserved 1103872K
  class space    used 8235K, capacity 8973K, committed 9088K, reserved 1048576K
GC Heap History (10 events):
Event: 268.582 GC heap after
Heap after GC invocations=21 (full 5):
 PSYoungGen      total 299008K, used 7448K [0x00000000d5d80000, 0x00000000e9480000, 0x0000000100000000)
  eden space 280576K, 0% used [0x00000000d5d80000,0x00000000d5d80000,0x00000000e6f80000)
  from space 18432K, 40% used [0x00000000e8280000,0x00000000e89c6150,0x00000000e9480000)
  to   space 18944K, 0% used [0x00000000e6f80000,0x00000000e6f80000,0x00000000e8200000)
 ParOldGen       total 141824K, used 30209K [0x0000000081800000, 0x000000008a280000, 0x00000000d5d80000)
  object space 141824K, 21% used [0x0000000081800000,0x0000000083580538,0x000000008a280000)
 Metaspace       used 58406K, capacity 62114K, committed 62336K, reserved 1103872K
  class space    used 8137K, capacity 8810K, committed 8832K, reserved 1048576K
}
Event: 268.582 GC heap before
{Heap before GC invocations=22 (full 6):
 PSYoungGen      total 299008K, used 7448K [0x00000000d5d80000, 0x00000000e9480000, 0x0000000100000000)
  eden space 280576K, 0% used [0x00000000d5d80000,0x00000000d5d80000,0x00000000e6f80000)
  from space 18432K, 40% used [0x00000000e8280000,0x00000000e89c6150,0x00000000e9480000)
  to   space 18944K, 0% used [0x00000000e6f80000,0x00000000e6f80000,0x00000000e8200000)
 ParOldGen       total 141824K, used 30209K [0x0000000081800000, 0x000000008a280000, 0x00000000d5d80000)
  object space 141824K, 21% used [0x0000000081800000,0x0000000083580538,0x000000008a280000)
 Metaspace       used 58406K, capacity 62114K, committed 62336K, reserved 1103872K
  class space    used 8137K, capacity 8810K, committed 8832K, reserved 1048576K
Event: 268.892 GC heap after
Heap after GC invocations=22 (full 6):
 PSYoungGen      total 299008K, used 0K [0x00000000d5d80000, 0x00000000e9480000, 0x0000000100000000)
  eden space 280576K, 0% used [0x00000000d5d80000,0x00000000d5d80000,0x00000000e6f80000)
  from space 18432K, 0% used [0x00000000e8280000,0x00000000e8280000,0x00000000e9480000)
  to   space 18944K, 0% used [0x00000000e6f80000,0x00000000e6f80000,0x00000000e8200000)
 ParOldGen       total 141824K, used 33361K [0x0000000081800000, 0x000000008a280000, 0x00000000d5d80000)
  object space 141824K, 23% used [0x0000000081800000,0x0000000083894570,0x000000008a280000)
 Metaspace       used 58403K, capacity 62108K, committed 62336K, reserved 1103872K
  class space    used 8136K, capacity 8808K, committed 8832K, reserved 1048576K
}
Event: 274.559 GC heap before
{Heap before GC invocations=23 (full 6):
 PSYoungGen      total 299008K, used 241462K [0x00000000d5d80000, 0x00000000e9480000, 0x0000000100000000)
  eden space 280576K, 86% used [0x00000000d5d80000,0x00000000e494db50,0x00000000e6f80000)
  from space 18432K, 0% used [0x00000000e8280000,0x00000000e8280000,0x00000000e9480000)
  to   space 18944K, 0% used [0x00000000e6f80000,0x00000000e6f80000,0x00000000e8200000)
 ParOldGen       total 141824K, used 33361K [0x0000000081800000, 0x000000008a280000, 0x00000000d5d80000)
  object space 141824K, 23% used [0x0000000081800000,0x0000000083894570,0x000000008a280000)
 Metaspace       used 58912K, capacity 62716K, committed 62976K, reserved 1103872K
  class space    used 8186K, capacity 8893K, committed 8960K, reserved 1048576K
Event: 274.571 GC heap after
Heap after GC invocations=23 (full 6):
 PSYoungGen      total 288256K, used 7412K [0x00000000d5d80000, 0x00000000e9280000, 0x0000000100000000)
  eden space 280576K, 0% used [0x00000000d5d80000,0x00000000d5d80000,0x00000000e6f80000)
  from space 7680K, 96% used [0x00000000e6f80000,0x00000000e76bd2d8,0x00000000e7700000)
  to   space 17920K, 0% used [0x00000000e8100000,0x00000000e8100000,0x00000000e9280000)
 ParOldGen       total 141824K, used 33369K [0x0000000081800000, 0x000000008a280000, 0x00000000d5d80000)
  object space 141824K, 23% used [0x0000000081800000,0x0000000083896570,0x000000008a280000)
 Metaspace       used 58912K, capacity 62716K, committed 62976K, reserved 1103872K
  class space    used 8186K, capacity 8893K, committed 8960K, reserved 1048576K
}
Event: 274.571 GC heap before
{Heap before GC invocations=24 (full 7):
 PSYoungGen      total 288256K, used 7412K [0x00000000d5d80000, 0x00000000e9280000, 0x0000000100000000)
  eden space 280576K, 0% used [0x00000000d5d80000,0x00000000d5d80000,0x00000000e6f80000)
  from space 7680K, 96% used [0x00000000e6f80000,0x00000000e76bd2d8,0x00000000e7700000)
  to   space 17920K, 0% used [0x00000000e8100000,0x00000000e8100000,0x00000000e9280000)
 ParOldGen       total 141824K, used 33369K [0x0000000081800000, 0x000000008a280000, 0x00000000d5d80000)
  object space 141824K, 23% used [0x0000000081800000,0x0000000083896570,0x000000008a280000)
 Metaspace       used 58912K, capacity 62716K, committed 62976K, reserved 1103872K
  class space    used 8186K, capacity 8893K, committed 8960K, reserved 1048576K
Event: 274.762 GC heap after
Heap after GC invocations=24 (full 7):
 PSYoungGen      total 288256K, used 0K [0x00000000d5d80000, 0x00000000e9280000, 0x0000000100000000)
  eden space 280576K, 0% used [0x00000000d5d80000,0x00000000d5d80000,0x00000000e6f80000)
  from space 7680K, 0% used [0x00000000e6f80000,0x00000000e6f80000,0x00000000e7700000)
  to   space 17920K, 0% used [0x00000000e8100000,0x00000000e8100000,0x00000000e9280000)
 ParOldGen       total 141824K, used 33728K [0x0000000081800000, 0x000000008a280000, 0x00000000d5d80000)
  object space 141824K, 23% used [0x0000000081800000,0x00000000838f0150,0x000000008a280000)
 Metaspace       used 58910K, capacity 62710K, committed 62976K, reserved 1103872K
  class space    used 8186K, capacity 8891K, committed 8960K, reserved 1048576K
}
Event: 476.247 GC heap before
{Heap before GC invocations=25 (full 7):
 PSYoungGen      total 288256K, used 267355K [0x00000000d5d80000, 0x00000000e9280000, 0x0000000100000000)
  eden space 280576K, 95% used [0x00000000d5d80000,0x00000000e6296f18,0x00000000e6f80000)
  from space 7680K, 0% used [0x00000000e6f80000,0x00000000e6f80000,0x00000000e7700000)
  to   space 17920K, 0% used [0x00000000e8100000,0x00000000e8100000,0x00000000e9280000)
 ParOldGen       total 141824K, used 33728K [0x0000000081800000, 0x000000008a280000, 0x00000000d5d80000)
  object space 141824K, 23% used [0x0000000081800000,0x00000000838f0150,0x000000008a280000)
 Metaspace       used 59441K, capacity 63308K, committed 63616K, reserved 1103872K
  class space    used 8235K, capacity 8973K, committed 9088K, reserved 1048576K
Event: 476.256 GC heap after
Heap after GC invocations=25 (full 7):
 PSYoungGen      total 297472K, used 9278K [0x00000000d5d80000, 0x00000000e9180000, 0x0000000100000000)
  eden space 280576K, 0% used [0x00000000d5d80000,0x00000000d5d80000,0x00000000e6f80000)
  from space 16896K, 54% used [0x00000000e8100000,0x00000000e8a0f888,0x00000000e9180000)
  to   space 17408K, 0% used [0x00000000e6f80000,0x00000000e6f80000,0x00000000e8080000)
 ParOldGen       total 141824K, used 33736K [0x0000000081800000, 0x000000008a280000, 0x00000000d5d80000)
  object space 141824K, 23% used [0x0000000081800000,0x00000000838f2150,0x000000008a280000)
 Metaspace       used 59441K, capacity 63308K, committed 63616K, reserved 1103872K
  class space    used 8235K, capacity 8973K, committed 9088K, reserved 1048576K
}
Event: 476.256 GC heap before
{Heap before GC invocations=26 (full 8):
 PSYoungGen      total 297472K, used 9278K [0x00000000d5d80000, 0x00000000e9180000, 0x0000000100000000)
  eden space 280576K, 0% used [0x00000000d5d80000,0x00000000d5d80000,0x00000000e6f80000)
  from space 16896K, 54% used [0x00000000e8100000,0x00000000e8a0f888,0x00000000e9180000)
  to   space 17408K, 0% used [0x00000000e6f80000,0x00000000e6f80000,0x00000000e8080000)
 ParOldGen       total 141824K, used 33736K [0x0000000081800000, 0x000000008a280000, 0x00000000d5d80000)
  object space 141824K, 23% used [0x0000000081800000,0x00000000838f2150,0x000000008a280000)
 Metaspace       used 59441K, capacity 63308K, committed 63616K, reserved 1103872K
  class space    used 8235K, capacity 8973K, committed 9088K, reserved 1048576K

